#
# There is insufficient memory for the Java Runtime Environment to continue.
# Native memory allocation (malloc) failed to allocate 32744 bytes for ChunkPool::allocate
# Possible reasons:
#   The system is out of physical RAM or swap space
#   The process is running with CompressedOops enabled, and the Java Heap may be blocking the growth of the native heap
# Possible solutions:
#   Reduce memory load on the system
#   Increase physical memory or swap space
#   Check if swap backing store is full
#   Decrease Java heap size (-Xmx/-Xms)
#   Decrease number of Java threads
#   Decrease Java thread stack sizes (-Xss)
#   Set larger code cache with -XX:ReservedCodeCacheSize=
#   JVM is running with Zero Based Compressed Oops mode in which the Java heap is
#     placed in the first 32GB address space. The Java Heap base address is the
#     maximum limit for the native heap growth. Please use -XX:HeapBaseMinAddress
#     to set the Java Heap base and to place the Java Heap above 32GB virtual address.
# This output file may be truncated or incomplete.
#
#  Out of Memory Error (arena.cpp:78), pid=33724, tid=23788
#
# JRE version: Java(TM) SE Runtime Environment (17.0.10+11) (build 17.0.10+11-LTS-240)
# Java VM: Java HotSpot(TM) 64-Bit Server VM (17.0.10+11-LTS-240, mixed mode, sharing, tiered, compressed oops, compressed class ptrs, g1 gc, windows-amd64)
# No core dump will be written. Minidumps are not enabled by default on client versions of Windows
#

---------------  S U M M A R Y ------------

Command Line: -javaagent:C:\Program Files\JetBrains\IntelliJ IDEA Community Edition 2024.1\lib\idea_rt.jar=50908:C:\Program Files\JetBrains\IntelliJ IDEA Community Edition 2024.1\bin -Dfile.encoding=UTF-8 com.mscode.supremaciabr.SupremaciabrApplication

Host: 12th Gen Intel(R) Core(TM) i9-12900K, 24 cores, 31G,  Windows 10 , 64 bit Build 19041 (10.0.19041.3636)
Time: Wed Apr 10 15:24:12 2024 Hora oficial do Brasil elapsed time: 0.133632 seconds (0d 0h 0m 0s)

---------------  T H R E A D  ---------------

Current thread (0x000001a22d995080):  JavaThread "C1 CompilerThread0" daemon [_thread_in_native, id=23788, stack(0x000000260f100000,0x000000260f200000)]


Current CompileTask:
C1:    133  564       3      
[error occurred during error reporting (printing current compile task), id 0xe0000001, Out of Memory Error (s\open\src\hotspot\share\memory\arena.cpp:78)]

Stack: [0x000000260f100000,0x000000260f200000]
Native frames: (J=compiled Java code, j=interpreted, Vv=VM code, C=native code)
V  [jvm.dll+0x677a5a]
V  [jvm.dll+0x7d8b2d]
V  [jvm.dll+0x7da48e]
V  [jvm.dll+0x7daaf3]
V  [jvm.dll+0x2455ff]
V  [jvm.dll+0xaad50]
V  [jvm.dll+0xab09c]
V  [jvm.dll+0x745b3c]
V  [jvm.dll+0x745c29]
V  [jvm.dll+0x62ce69]
V  [jvm.dll+0x22bea6]
V  [jvm.dll+0x7d89c8]
V  [jvm.dll+0x7da48e]
V  [jvm.dll+0x7daaf3]
V  [jvm.dll+0x2455ff]
V  [jvm.dll+0xaad50]
V  [jvm.dll+0xab09c]
V  [jvm.dll+0x18d463]
V  [jvm.dll+0x13445d]
V  [jvm.dll+0x1346c0]
V  [jvm.dll+0x134988]
V  [jvm.dll+0x133e21]
V  [jvm.dll+0x135abd]
V  [jvm.dll+0x226aeb]
V  [jvm.dll+0x224cab]
V  [jvm.dll+0x78e45c]
V  [jvm.dll+0x78888a]
V  [jvm.dll+0x676935]
C  [ucrtbase.dll+0x21bb2]
C  [KERNEL32.DLL+0x17344]
C  [ntdll.dll+0x526b1]


---------------  P R O C E S S  ---------------

Threads class SMR info:
_java_thread_list=0x000001a273011bd0, length=17, elements={
0x000001a27fdea1a0, 0x000001a22d973010, 0x000001a22d973da0, 0x000001a22d9848f0,
0x000001a22d9872d0, 0x000001a22d988b50, 0x000001a22d989bc0, 0x000001a22d9904a0,
0x000001a22d995080, 0x000001a22d9a01a0, 0x000001a22d961380, 0x000001a22dab9a30,
0x000001a22daba000, 0x000001a22dabd0c0, 0x000001a22db17bf0, 0x000001a22dc82980,
0x000001a22dc82e60
}

Java Threads: ( => current thread )
  0x000001a27fdea1a0 JavaThread "main" [_thread_in_vm, id=25980, stack(0x000000260e300000,0x000000260e400000)]
  0x000001a22d973010 JavaThread "Reference Handler" daemon [_thread_blocked, id=32356, stack(0x000000260ea00000,0x000000260eb00000)]
  0x000001a22d973da0 JavaThread "Finalizer" daemon [_thread_blocked, id=34756, stack(0x000000260eb00000,0x000000260ec00000)]
  0x000001a22d9848f0 JavaThread "Signal Dispatcher" daemon [_thread_blocked, id=11568, stack(0x000000260ec00000,0x000000260ed00000)]
  0x000001a22d9872d0 JavaThread "Attach Listener" daemon [_thread_blocked, id=26448, stack(0x000000260ed00000,0x000000260ee00000)]
  0x000001a22d988b50 JavaThread "Service Thread" daemon [_thread_blocked, id=32756, stack(0x000000260ee00000,0x000000260ef00000)]
  0x000001a22d989bc0 JavaThread "Monitor Deflation Thread" daemon [_thread_blocked, id=29664, stack(0x000000260ef00000,0x000000260f000000)]
  0x000001a22d9904a0 JavaThread "C2 CompilerThread0" daemon [_thread_in_native, id=29096, stack(0x000000260f000000,0x000000260f100000)]
=>0x000001a22d995080 JavaThread "C1 CompilerThread0" daemon [_thread_in_native, id=23788, stack(0x000000260f100000,0x000000260f200000)]
  0x000001a22d9a01a0 JavaThread "Sweeper thread" daemon [_thread_blocked, id=27212, stack(0x000000260f200000,0x000000260f300000)]
  0x000001a22d961380 JavaThread "Common-Cleaner" daemon [_thread_blocked, id=34740, stack(0x000000260f300000,0x000000260f400000)]
  0x000001a22dab9a30 JavaThread "C1 CompilerThread1" daemon [_thread_in_native, id=6864, stack(0x000000260f400000,0x000000260f500000)]
  0x000001a22daba000 JavaThread "C1 CompilerThread2" daemon [_thread_in_native, id=32828, stack(0x000000260f500000,0x000000260f600000)]
  0x000001a22dabd0c0 JavaThread "C1 CompilerThread3" daemon [_thread_in_native, id=32156, stack(0x000000260f600000,0x000000260f700000)]
  0x000001a22db17bf0 JavaThread "C2 CompilerThread1" daemon [_thread_in_native, id=5432, stack(0x000000260f700000,0x000000260f800000)]
  0x000001a22dc82980 JavaThread "Monitor Ctrl-Break" daemon [_thread_in_native, id=30252, stack(0x000000260f800000,0x000000260f900000)]
  0x000001a22dc82e60 JavaThread "Notification Thread" daemon [_thread_blocked, id=30304, stack(0x000000260f900000,0x000000260fa00000)]

Other Threads:
  0x000001a22d96ed60 VMThread "VM Thread" [stack: 0x000000260e900000,0x000000260ea00000] [id=30328]
  0x000001a22c40e1f0 WatcherThread [stack: 0x000000260fa00000,0x000000260fb00000] [id=15004]
  0x000001a27fe99120 GCTaskThread "GC Thread#0" [stack: 0x000000260e400000,0x000000260e500000] [id=29268]
  0x000001a27fe07260 ConcurrentGCThread "G1 Main Marker" [stack: 0x000000260e500000,0x000000260e600000] [id=33920]
  0x000001a27feacd40 ConcurrentGCThread "G1 Conc#0" [stack: 0x000000260e600000,0x000000260e700000] [id=32740]
  0x000001a22c503c10 ConcurrentGCThread "G1 Refine#0" [stack: 0x000000260e700000,0x000000260e800000] [id=29876]
  0x000001a22c504550 ConcurrentGCThread "G1 Service" [stack: 0x000000260e800000,0x000000260e900000] [id=29076]

Threads with active compile tasks:
C2 CompilerThread0      146  565   !   4       java.util.zip.ZipFile::getEntry (59 bytes)
C1 CompilerThread0      146  564       3       java.net.URLStreamHandler::parseURL (1201 bytes)
C1 CompilerThread1      146  595   !   3       java.lang.invoke.MemberName::getMethodType (211 bytes)
C1 CompilerThread2      146  575       3       sun.invoke.util.VerifyAccess::isTypeVisible (118 bytes)
C1 CompilerThread3      146  579       1       java.lang.invoke.MethodTypeForm::parameterSlotCount (5 bytes)
C2 CompilerThread1      146  555       4       java.util.jar.JarFile::getEntry (35 bytes)

VM state: not at safepoint (normal execution)

VM Mutex/Monitor currently owned by a thread: None

Heap address: 0x0000000603800000, size: 8136 MB, Compressed Oops mode: Zero based, Oop shift amount: 3

CDS archive(s) mapped at: [0x000001a22e000000-0x000001a22ebd0000-0x000001a22ebd0000), size 12386304, SharedBaseAddress: 0x000001a22e000000, ArchiveRelocationMode: 1.
Compressed class space mapped at: 0x000001a22f000000-0x000001a26f000000, reserved size: 1073741824
Narrow klass base: 0x000001a22e000000, Narrow klass shift: 0, Narrow klass range: 0x100000000

GC Precious Log:
 CPUs: 24 total, 24 available
 Memory: 32535M
 Large Page Support: Disabled
 NUMA Support: Disabled
 Compressed Oops: Enabled (Zero based)
 Heap Region Size: 4M
 Heap Min Capacity: 8M
 Heap Initial Capacity: 512M
 Heap Max Capacity: 8136M
 Pre-touch: Disabled
 Parallel Workers: 18
 Concurrent Workers: 5
 Concurrent Refinement Workers: 18
 Periodic GC: Disabled

Heap:
 garbage-first heap   total 524288K, used 12288K [0x0000000603800000, 0x0000000800000000)
  region size 4096K, 4 young (16384K), 0 survivors (0K)
 Metaspace       used 2144K, committed 2240K, reserved 1114112K
  class space    used 182K, committed 256K, reserved 1048576K

Heap Regions: E=young(eden), S=young(survivor), O=old, HS=humongous(starts), HC=humongous(continues), CS=collection set, F=free, OA=open archive, CA=closed archive, TAMS=top-at-mark-start (previous, next)
|   0|0x0000000603800000, 0x0000000603800000, 0x0000000603c00000|  0%| F|  |TAMS 0x0000000603800000, 0x0000000603800000| Untracked 
|   1|0x0000000603c00000, 0x0000000603c00000, 0x0000000604000000|  0%| F|  |TAMS 0x0000000603c00000, 0x0000000603c00000| Untracked 
|   2|0x0000000604000000, 0x0000000604000000, 0x0000000604400000|  0%| F|  |TAMS 0x0000000604000000, 0x0000000604000000| Untracked 
|   3|0x0000000604400000, 0x0000000604400000, 0x0000000604800000|  0%| F|  |TAMS 0x0000000604400000, 0x0000000604400000| Untracked 
|   4|0x0000000604800000, 0x0000000604800000, 0x0000000604c00000|  0%| F|  |TAMS 0x0000000604800000, 0x0000000604800000| Untracked 
|   5|0x0000000604c00000, 0x0000000604c00000, 0x0000000605000000|  0%| F|  |TAMS 0x0000000604c00000, 0x0000000604c00000| Untracked 
|   6|0x0000000605000000, 0x0000000605000000, 0x0000000605400000|  0%| F|  |TAMS 0x0000000605000000, 0x0000000605000000| Untracked 
|   7|0x0000000605400000, 0x0000000605400000, 0x0000000605800000|  0%| F|  |TAMS 0x0000000605400000, 0x0000000605400000| Untracked 
|   8|0x0000000605800000, 0x0000000605800000, 0x0000000605c00000|  0%| F|  |TAMS 0x0000000605800000, 0x0000000605800000| Untracked 
|   9|0x0000000605c00000, 0x0000000605c00000, 0x0000000606000000|  0%| F|  |TAMS 0x0000000605c00000, 0x0000000605c00000| Untracked 
|  10|0x0000000606000000, 0x0000000606000000, 0x0000000606400000|  0%| F|  |TAMS 0x0000000606000000, 0x0000000606000000| Untracked 
|  11|0x0000000606400000, 0x0000000606400000, 0x0000000606800000|  0%| F|  |TAMS 0x0000000606400000, 0x0000000606400000| Untracked 
|  12|0x0000000606800000, 0x0000000606800000, 0x0000000606c00000|  0%| F|  |TAMS 0x0000000606800000, 0x0000000606800000| Untracked 
|  13|0x0000000606c00000, 0x0000000606c00000, 0x0000000607000000|  0%| F|  |TAMS 0x0000000606c00000, 0x0000000606c00000| Untracked 
|  14|0x0000000607000000, 0x0000000607000000, 0x0000000607400000|  0%| F|  |TAMS 0x0000000607000000, 0x0000000607000000| Untracked 
|  15|0x0000000607400000, 0x0000000607400000, 0x0000000607800000|  0%| F|  |TAMS 0x0000000607400000, 0x0000000607400000| Untracked 
|  16|0x0000000607800000, 0x0000000607800000, 0x0000000607c00000|  0%| F|  |TAMS 0x0000000607800000, 0x0000000607800000| Untracked 
|  17|0x0000000607c00000, 0x0000000607c00000, 0x0000000608000000|  0%| F|  |TAMS 0x0000000607c00000, 0x0000000607c00000| Untracked 
|  18|0x0000000608000000, 0x0000000608000000, 0x0000000608400000|  0%| F|  |TAMS 0x0000000608000000, 0x0000000608000000| Untracked 
|  19|0x0000000608400000, 0x0000000608400000, 0x0000000608800000|  0%| F|  |TAMS 0x0000000608400000, 0x0000000608400000| Untracked 
|  20|0x0000000608800000, 0x0000000608800000, 0x0000000608c00000|  0%| F|  |TAMS 0x0000000608800000, 0x0000000608800000| Untracked 
|  21|0x0000000608c00000, 0x0000000608c00000, 0x0000000609000000|  0%| F|  |TAMS 0x0000000608c00000, 0x0000000608c00000| Untracked 
|  22|0x0000000609000000, 0x0000000609000000, 0x0000000609400000|  0%| F|  |TAMS 0x0000000609000000, 0x0000000609000000| Untracked 
|  23|0x0000000609400000, 0x0000000609400000, 0x0000000609800000|  0%| F|  |TAMS 0x0000000609400000, 0x0000000609400000| Untracked 
|  24|0x0000000609800000, 0x0000000609800000, 0x0000000609c00000|  0%| F|  |TAMS 0x0000000609800000, 0x0000000609800000| Untracked 
|  25|0x0000000609c00000, 0x0000000609c00000, 0x000000060a000000|  0%| F|  |TAMS 0x0000000609c00000, 0x0000000609c00000| Untracked 
|  26|0x000000060a000000, 0x000000060a000000, 0x000000060a400000|  0%| F|  |TAMS 0x000000060a000000, 0x000000060a000000| Untracked 
|  27|0x000000060a400000, 0x000000060a400000, 0x000000060a800000|  0%| F|  |TAMS 0x000000060a400000, 0x000000060a400000| Untracked 
|  28|0x000000060a800000, 0x000000060a800000, 0x000000060ac00000|  0%| F|  |TAMS 0x000000060a800000, 0x000000060a800000| Untracked 
|  29|0x000000060ac00000, 0x000000060ac00000, 0x000000060b000000|  0%| F|  |TAMS 0x000000060ac00000, 0x000000060ac00000| Untracked 
|  30|0x000000060b000000, 0x000000060b000000, 0x000000060b400000|  0%| F|  |TAMS 0x000000060b000000, 0x000000060b000000| Untracked 
|  31|0x000000060b400000, 0x000000060b400000, 0x000000060b800000|  0%| F|  |TAMS 0x000000060b400000, 0x000000060b400000| Untracked 
|  32|0x000000060b800000, 0x000000060b800000, 0x000000060bc00000|  0%| F|  |TAMS 0x000000060b800000, 0x000000060b800000| Untracked 
|  33|0x000000060bc00000, 0x000000060bc00000, 0x000000060c000000|  0%| F|  |TAMS 0x000000060bc00000, 0x000000060bc00000| Untracked 
|  34|0x000000060c000000, 0x000000060c000000, 0x000000060c400000|  0%| F|  |TAMS 0x000000060c000000, 0x000000060c000000| Untracked 
|  35|0x000000060c400000, 0x000000060c400000, 0x000000060c800000|  0%| F|  |TAMS 0x000000060c400000, 0x000000060c400000| Untracked 
|  36|0x000000060c800000, 0x000000060c800000, 0x000000060cc00000|  0%| F|  |TAMS 0x000000060c800000, 0x000000060c800000| Untracked 
|  37|0x000000060cc00000, 0x000000060cc00000, 0x000000060d000000|  0%| F|  |TAMS 0x000000060cc00000, 0x000000060cc00000| Untracked 
|  38|0x000000060d000000, 0x000000060d000000, 0x000000060d400000|  0%| F|  |TAMS 0x000000060d000000, 0x000000060d000000| Untracked 
|  39|0x000000060d400000, 0x000000060d400000, 0x000000060d800000|  0%| F|  |TAMS 0x000000060d400000, 0x000000060d400000| Untracked 
|  40|0x000000060d800000, 0x000000060d800000, 0x000000060dc00000|  0%| F|  |TAMS 0x000000060d800000, 0x000000060d800000| Untracked 
|  41|0x000000060dc00000, 0x000000060dc00000, 0x000000060e000000|  0%| F|  |TAMS 0x000000060dc00000, 0x000000060dc00000| Untracked 
|  42|0x000000060e000000, 0x000000060e000000, 0x000000060e400000|  0%| F|  |TAMS 0x000000060e000000, 0x000000060e000000| Untracked 
|  43|0x000000060e400000, 0x000000060e400000, 0x000000060e800000|  0%| F|  |TAMS 0x000000060e400000, 0x000000060e400000| Untracked 
|  44|0x000000060e800000, 0x000000060e800000, 0x000000060ec00000|  0%| F|  |TAMS 0x000000060e800000, 0x000000060e800000| Untracked 
|  45|0x000000060ec00000, 0x000000060ec00000, 0x000000060f000000|  0%| F|  |TAMS 0x000000060ec00000, 0x000000060ec00000| Untracked 
|  46|0x000000060f000000, 0x000000060f000000, 0x000000060f400000|  0%| F|  |TAMS 0x000000060f000000, 0x000000060f000000| Untracked 
|  47|0x000000060f400000, 0x000000060f400000, 0x000000060f800000|  0%| F|  |TAMS 0x000000060f400000, 0x000000060f400000| Untracked 
|  48|0x000000060f800000, 0x000000060f800000, 0x000000060fc00000|  0%| F|  |TAMS 0x000000060f800000, 0x000000060f800000| Untracked 
|  49|0x000000060fc00000, 0x000000060fc00000, 0x0000000610000000|  0%| F|  |TAMS 0x000000060fc00000, 0x000000060fc00000| Untracked 
|  50|0x0000000610000000, 0x0000000610000000, 0x0000000610400000|  0%| F|  |TAMS 0x0000000610000000, 0x0000000610000000| Untracked 
|  51|0x0000000610400000, 0x0000000610400000, 0x0000000610800000|  0%| F|  |TAMS 0x0000000610400000, 0x0000000610400000| Untracked 
|  52|0x0000000610800000, 0x0000000610800000, 0x0000000610c00000|  0%| F|  |TAMS 0x0000000610800000, 0x0000000610800000| Untracked 
|  53|0x0000000610c00000, 0x0000000610c00000, 0x0000000611000000|  0%| F|  |TAMS 0x0000000610c00000, 0x0000000610c00000| Untracked 
|  54|0x0000000611000000, 0x0000000611000000, 0x0000000611400000|  0%| F|  |TAMS 0x0000000611000000, 0x0000000611000000| Untracked 
|  55|0x0000000611400000, 0x0000000611400000, 0x0000000611800000|  0%| F|  |TAMS 0x0000000611400000, 0x0000000611400000| Untracked 
|  56|0x0000000611800000, 0x0000000611800000, 0x0000000611c00000|  0%| F|  |TAMS 0x0000000611800000, 0x0000000611800000| Untracked 
|  57|0x0000000611c00000, 0x0000000611c00000, 0x0000000612000000|  0%| F|  |TAMS 0x0000000611c00000, 0x0000000611c00000| Untracked 
|  58|0x0000000612000000, 0x0000000612000000, 0x0000000612400000|  0%| F|  |TAMS 0x0000000612000000, 0x0000000612000000| Untracked 
|  59|0x0000000612400000, 0x0000000612400000, 0x0000000612800000|  0%| F|  |TAMS 0x0000000612400000, 0x0000000612400000| Untracked 
|  60|0x0000000612800000, 0x0000000612800000, 0x0000000612c00000|  0%| F|  |TAMS 0x0000000612800000, 0x0000000612800000| Untracked 
|  61|0x0000000612c00000, 0x0000000612c00000, 0x0000000613000000|  0%| F|  |TAMS 0x0000000612c00000, 0x0000000612c00000| Untracked 
|  62|0x0000000613000000, 0x0000000613000000, 0x0000000613400000|  0%| F|  |TAMS 0x0000000613000000, 0x0000000613000000| Untracked 
|  63|0x0000000613400000, 0x0000000613400000, 0x0000000613800000|  0%| F|  |TAMS 0x0000000613400000, 0x0000000613400000| Untracked 
|  64|0x0000000613800000, 0x0000000613800000, 0x0000000613c00000|  0%| F|  |TAMS 0x0000000613800000, 0x0000000613800000| Untracked 
|  65|0x0000000613c00000, 0x0000000613c00000, 0x0000000614000000|  0%| F|  |TAMS 0x0000000613c00000, 0x0000000613c00000| Untracked 
|  66|0x0000000614000000, 0x0000000614000000, 0x0000000614400000|  0%| F|  |TAMS 0x0000000614000000, 0x0000000614000000| Untracked 
|  67|0x0000000614400000, 0x0000000614400000, 0x0000000614800000|  0%| F|  |TAMS 0x0000000614400000, 0x0000000614400000| Untracked 
|  68|0x0000000614800000, 0x0000000614800000, 0x0000000614c00000|  0%| F|  |TAMS 0x0000000614800000, 0x0000000614800000| Untracked 
|  69|0x0000000614c00000, 0x0000000614c00000, 0x0000000615000000|  0%| F|  |TAMS 0x0000000614c00000, 0x0000000614c00000| Untracked 
|  70|0x0000000615000000, 0x0000000615000000, 0x0000000615400000|  0%| F|  |TAMS 0x0000000615000000, 0x0000000615000000| Untracked 
|  71|0x0000000615400000, 0x0000000615400000, 0x0000000615800000|  0%| F|  |TAMS 0x0000000615400000, 0x0000000615400000| Untracked 
|  72|0x0000000615800000, 0x0000000615800000, 0x0000000615c00000|  0%| F|  |TAMS 0x0000000615800000, 0x0000000615800000| Untracked 
|  73|0x0000000615c00000, 0x0000000615c00000, 0x0000000616000000|  0%| F|  |TAMS 0x0000000615c00000, 0x0000000615c00000| Untracked 
|  74|0x0000000616000000, 0x0000000616000000, 0x0000000616400000|  0%| F|  |TAMS 0x0000000616000000, 0x0000000616000000| Untracked 
|  75|0x0000000616400000, 0x0000000616400000, 0x0000000616800000|  0%| F|  |TAMS 0x0000000616400000, 0x0000000616400000| Untracked 
|  76|0x0000000616800000, 0x0000000616800000, 0x0000000616c00000|  0%| F|  |TAMS 0x0000000616800000, 0x0000000616800000| Untracked 
|  77|0x0000000616c00000, 0x0000000616c00000, 0x0000000617000000|  0%| F|  |TAMS 0x0000000616c00000, 0x0000000616c00000| Untracked 
|  78|0x0000000617000000, 0x0000000617000000, 0x0000000617400000|  0%| F|  |TAMS 0x0000000617000000, 0x0000000617000000| Untracked 
|  79|0x0000000617400000, 0x0000000617400000, 0x0000000617800000|  0%| F|  |TAMS 0x0000000617400000, 0x0000000617400000| Untracked 
|  80|0x0000000617800000, 0x0000000617800000, 0x0000000617c00000|  0%| F|  |TAMS 0x0000000617800000, 0x0000000617800000| Untracked 
|  81|0x0000000617c00000, 0x0000000617c00000, 0x0000000618000000|  0%| F|  |TAMS 0x0000000617c00000, 0x0000000617c00000| Untracked 
|  82|0x0000000618000000, 0x0000000618000000, 0x0000000618400000|  0%| F|  |TAMS 0x0000000618000000, 0x0000000618000000| Untracked 
|  83|0x0000000618400000, 0x0000000618400000, 0x0000000618800000|  0%| F|  |TAMS 0x0000000618400000, 0x0000000618400000| Untracked 
|  84|0x0000000618800000, 0x0000000618800000, 0x0000000618c00000|  0%| F|  |TAMS 0x0000000618800000, 0x0000000618800000| Untracked 
|  85|0x0000000618c00000, 0x0000000618c00000, 0x0000000619000000|  0%| F|  |TAMS 0x0000000618c00000, 0x0000000618c00000| Untracked 
|  86|0x0000000619000000, 0x0000000619000000, 0x0000000619400000|  0%| F|  |TAMS 0x0000000619000000, 0x0000000619000000| Untracked 
|  87|0x0000000619400000, 0x0000000619400000, 0x0000000619800000|  0%| F|  |TAMS 0x0000000619400000, 0x0000000619400000| Untracked 
|  88|0x0000000619800000, 0x0000000619800000, 0x0000000619c00000|  0%| F|  |TAMS 0x0000000619800000, 0x0000000619800000| Untracked 
|  89|0x0000000619c00000, 0x0000000619c00000, 0x000000061a000000|  0%| F|  |TAMS 0x0000000619c00000, 0x0000000619c00000| Untracked 
|  90|0x000000061a000000, 0x000000061a000000, 0x000000061a400000|  0%| F|  |TAMS 0x000000061a000000, 0x000000061a000000| Untracked 
|  91|0x000000061a400000, 0x000000061a400000, 0x000000061a800000|  0%| F|  |TAMS 0x000000061a400000, 0x000000061a400000| Untracked 
|  92|0x000000061a800000, 0x000000061a800000, 0x000000061ac00000|  0%| F|  |TAMS 0x000000061a800000, 0x000000061a800000| Untracked 
|  93|0x000000061ac00000, 0x000000061ac00000, 0x000000061b000000|  0%| F|  |TAMS 0x000000061ac00000, 0x000000061ac00000| Untracked 
|  94|0x000000061b000000, 0x000000061b000000, 0x000000061b400000|  0%| F|  |TAMS 0x000000061b000000, 0x000000061b000000| Untracked 
|  95|0x000000061b400000, 0x000000061b400000, 0x000000061b800000|  0%| F|  |TAMS 0x000000061b400000, 0x000000061b400000| Untracked 
|  96|0x000000061b800000, 0x000000061b800000, 0x000000061bc00000|  0%| F|  |TAMS 0x000000061b800000, 0x000000061b800000| Untracked 
|  97|0x000000061bc00000, 0x000000061bc00000, 0x000000061c000000|  0%| F|  |TAMS 0x000000061bc00000, 0x000000061bc00000| Untracked 
|  98|0x000000061c000000, 0x000000061c000000, 0x000000061c400000|  0%| F|  |TAMS 0x000000061c000000, 0x000000061c000000| Untracked 
|  99|0x000000061c400000, 0x000000061c400000, 0x000000061c800000|  0%| F|  |TAMS 0x000000061c400000, 0x000000061c400000| Untracked 
| 100|0x000000061c800000, 0x000000061c800000, 0x000000061cc00000|  0%| F|  |TAMS 0x000000061c800000, 0x000000061c800000| Untracked 
| 101|0x000000061cc00000, 0x000000061cc00000, 0x000000061d000000|  0%| F|  |TAMS 0x000000061cc00000, 0x000000061cc00000| Untracked 
| 102|0x000000061d000000, 0x000000061d000000, 0x000000061d400000|  0%| F|  |TAMS 0x000000061d000000, 0x000000061d000000| Untracked 
| 103|0x000000061d400000, 0x000000061d400000, 0x000000061d800000|  0%| F|  |TAMS 0x000000061d400000, 0x000000061d400000| Untracked 
| 104|0x000000061d800000, 0x000000061d800000, 0x000000061dc00000|  0%| F|  |TAMS 0x000000061d800000, 0x000000061d800000| Untracked 
| 105|0x000000061dc00000, 0x000000061dc00000, 0x000000061e000000|  0%| F|  |TAMS 0x000000061dc00000, 0x000000061dc00000| Untracked 
| 106|0x000000061e000000, 0x000000061e000000, 0x000000061e400000|  0%| F|  |TAMS 0x000000061e000000, 0x000000061e000000| Untracked 
| 107|0x000000061e400000, 0x000000061e400000, 0x000000061e800000|  0%| F|  |TAMS 0x000000061e400000, 0x000000061e400000| Untracked 
| 108|0x000000061e800000, 0x000000061e800000, 0x000000061ec00000|  0%| F|  |TAMS 0x000000061e800000, 0x000000061e800000| Untracked 
| 109|0x000000061ec00000, 0x000000061ec00000, 0x000000061f000000|  0%| F|  |TAMS 0x000000061ec00000, 0x000000061ec00000| Untracked 
| 110|0x000000061f000000, 0x000000061f000000, 0x000000061f400000|  0%| F|  |TAMS 0x000000061f000000, 0x000000061f000000| Untracked 
| 111|0x000000061f400000, 0x000000061f400000, 0x000000061f800000|  0%| F|  |TAMS 0x000000061f400000, 0x000000061f400000| Untracked 
| 112|0x000000061f800000, 0x000000061f800000, 0x000000061fc00000|  0%| F|  |TAMS 0x000000061f800000, 0x000000061f800000| Untracked 
| 113|0x000000061fc00000, 0x000000061fc00000, 0x0000000620000000|  0%| F|  |TAMS 0x000000061fc00000, 0x000000061fc00000| Untracked 
| 114|0x0000000620000000, 0x0000000620000000, 0x0000000620400000|  0%| F|  |TAMS 0x0000000620000000, 0x0000000620000000| Untracked 
| 115|0x0000000620400000, 0x0000000620400000, 0x0000000620800000|  0%| F|  |TAMS 0x0000000620400000, 0x0000000620400000| Untracked 
| 116|0x0000000620800000, 0x0000000620800000, 0x0000000620c00000|  0%| F|  |TAMS 0x0000000620800000, 0x0000000620800000| Untracked 
| 117|0x0000000620c00000, 0x0000000620c00000, 0x0000000621000000|  0%| F|  |TAMS 0x0000000620c00000, 0x0000000620c00000| Untracked 
| 118|0x0000000621000000, 0x0000000621000000, 0x0000000621400000|  0%| F|  |TAMS 0x0000000621000000, 0x0000000621000000| Untracked 
| 119|0x0000000621400000, 0x0000000621400000, 0x0000000621800000|  0%| F|  |TAMS 0x0000000621400000, 0x0000000621400000| Untracked 
| 120|0x0000000621800000, 0x0000000621800000, 0x0000000621c00000|  0%| F|  |TAMS 0x0000000621800000, 0x0000000621800000| Untracked 
| 121|0x0000000621c00000, 0x0000000621c00000, 0x0000000622000000|  0%| F|  |TAMS 0x0000000621c00000, 0x0000000621c00000| Untracked 
| 122|0x0000000622000000, 0x0000000622000000, 0x0000000622400000|  0%| F|  |TAMS 0x0000000622000000, 0x0000000622000000| Untracked 
| 123|0x0000000622400000, 0x0000000622400000, 0x0000000622800000|  0%| F|  |TAMS 0x0000000622400000, 0x0000000622400000| Untracked 
| 124|0x0000000622800000, 0x00000006228f7d48, 0x0000000622c00000| 24%| E|  |TAMS 0x0000000622800000, 0x0000000622800000| Complete 
| 125|0x0000000622c00000, 0x0000000623000000, 0x0000000623000000|100%| E|CS|TAMS 0x0000000622c00000, 0x0000000622c00000| Complete 
| 126|0x0000000623000000, 0x0000000623400000, 0x0000000623400000|100%| E|CS|TAMS 0x0000000623000000, 0x0000000623000000| Complete 
| 127|0x0000000623400000, 0x0000000623800000, 0x0000000623800000|100%| E|CS|TAMS 0x0000000623400000, 0x0000000623400000| Complete 

Card table byte_map: [0x000001a218490000,0x000001a219480000] _byte_map_base: 0x000001a215474000

Marking Bits (Prev, Next): (CMBitMap*) 0x000001a27fe9a660, (CMBitMap*) 0x000001a27fe9a6a0
 Prev Bits: [0x000001a21a470000, 0x000001a222390000)
 Next Bits: [0x000001a222390000, 0x000001a22a2b0000)

Polling page: 0x000001a27dce0000

Metaspace:

Usage:
  Non-class:      1.92 MB used.
      Class:    182.08 KB used.
       Both:      2.09 MB used.

Virtual space:
  Non-class space:       64.00 MB reserved,       1.94 MB (  3%) committed,  1 nodes.
      Class space:        1.00 GB reserved,     256.00 KB ( <1%) committed,  1 nodes.
             Both:        1.06 GB reserved,       2.19 MB ( <1%) committed. 

Chunk freelists:
   Non-Class:  11.44 MB
       Class:  15.67 MB
        Both:  27.11 MB

MaxMetaspaceSize: unlimited
CompressedClassSpaceSize: 1.00 GB
Initial GC threshold: 21.00 MB
Current GC threshold: 21.00 MB
CDS: on
MetaspaceReclaimPolicy: balanced
 - commit_granule_bytes: 65536.
 - commit_granule_words: 8192.
 - virtual_space_node_default_size: 8388608.
 - enlarge_chunks_in_place: 1.
 - new_chunks_are_fully_committed: 0.
 - uncommit_free_chunks: 1.
 - use_allocation_guard: 0.
 - handle_deallocations: 1.


Internal statistics:

num_allocs_failed_limit: 0.
num_arena_births: 24.
num_arena_deaths: 0.
num_vsnodes_births: 2.
num_vsnodes_deaths: 0.
num_space_committed: 35.
num_space_uncommitted: 0.
num_chunks_returned_to_freelist: 0.
num_chunks_taken_from_freelist: 56.
num_chunk_merges: 0.
num_chunk_splits: 38.
num_chunks_enlarged: 28.
num_inconsistent_stats: 0.

CodeHeap 'non-profiled nmethods': size=119168Kb used=189Kb max_used=189Kb free=118978Kb
 bounds [0x000001a20f380000, 0x000001a20f5f0000, 0x000001a2167e0000]
CodeHeap 'profiled nmethods': size=119104Kb used=927Kb max_used=927Kb free=118176Kb
 bounds [0x000001a2077e0000, 0x000001a207a50000, 0x000001a20ec30000]
CodeHeap 'non-nmethods': size=7488Kb used=2821Kb max_used=2833Kb free=4666Kb
 bounds [0x000001a20ec30000, 0x000001a20ef00000, 0x000001a20f380000]
 total_blobs=1003 nmethods=585 adapters=328
 compilation: enabled
              stopped_count=0, restarted_count=0
 full_count=0

Compilation events (20 events):
Event: 0.127 Thread 0x000001a22d995080 nmethod 561 0x000001a2078c2790 code [0x000001a2078c2940, 0x000001a2078c2b78]
Event: 0.127 Thread 0x000001a22d995080  564       3       java.net.URLStreamHandler::parseURL (1201 bytes)
Event: 0.127 Thread 0x000001a22dab9a30 nmethod 563 0x000001a2078c2c90 code [0x000001a2078c2e20, 0x000001a2078c2f98]
Event: 0.127 Thread 0x000001a22d9904a0 nmethod 531 0x000001a20f3abd90 code [0x000001a20f3abf00, 0x000001a20f3ac298]
Event: 0.127 Thread 0x000001a22d9904a0  559       4       java.nio.DirectByteBuffer::ix (10 bytes)
Event: 0.127 Thread 0x000001a22d9904a0 nmethod 559 0x000001a20f3ac410 code [0x000001a20f3ac580, 0x000001a20f3ac5f8]
Event: 0.127 Thread 0x000001a22d9904a0  562       4       java.lang.CharacterDataLatin1::getProperties (11 bytes)
Event: 0.127 Thread 0x000001a22d9904a0 nmethod 562 0x000001a20f3ac710 code [0x000001a20f3ac880, 0x000001a20f3ac918]
Event: 0.127 Thread 0x000001a22d9904a0  565   !   4       java.util.zip.ZipFile::getEntry (59 bytes)
Event: 0.127 Thread 0x000001a22dabd0c0  567       3       java.util.ArrayDeque::pollFirst (36 bytes)
Event: 0.128 Thread 0x000001a22dabd0c0 nmethod 567 0x000001a2078c3010 code [0x000001a2078c31c0, 0x000001a2078c35d8]
Event: 0.128 Thread 0x000001a22dabd0c0  570       1       java.lang.invoke.MethodType$ConcurrentWeakInternSet$WeakEntry::hashCode (5 bytes)
Event: 0.128 Thread 0x000001a22daba000  572       3       java.lang.invoke.MethodType$ConcurrentWeakInternSet::get (47 bytes)
Event: 0.128 Thread 0x000001a22dabd0c0 nmethod 570 0x000001a20f3ad310 code [0x000001a20f3ad4a0, 0x000001a20f3ad578]
Event: 0.128 Thread 0x000001a22dabd0c0  573       3       jdk.internal.org.objectweb.asm.ByteVector::putShort (52 bytes)
Event: 0.128 Thread 0x000001a22daba000 nmethod 572 0x000001a2078c3790 code [0x000001a2078c39c0, 0x000001a2078c4358]
Event: 0.128 Thread 0x000001a22daba000  575       3       sun.invoke.util.VerifyAccess::isTypeVisible (118 bytes)
Event: 0.128 Thread 0x000001a22dabd0c0 nmethod 573 0x000001a2078c4690 code [0x000001a2078c4840, 0x000001a2078c4a48]
Event: 0.128 Thread 0x000001a22dab9a30  576       3       java.lang.invoke.LambdaForm::argument (27 bytes)
Event: 0.128 Thread 0x000001a22dabd0c0  579       1       java.lang.invoke.MethodTypeForm::parameterSlotCount (5 bytes)

GC Heap History (0 events):
No events

Deoptimization events (20 events):
Event: 0.106 Thread 0x000001a27fdea1a0 DEOPT PACKING pc=0x000001a20f397564 sp=0x000000260e3fda40
Event: 0.106 Thread 0x000001a27fdea1a0 DEOPT UNPACKING pc=0x000001a20ec823a3 sp=0x000000260e3fd9c8 mode 2
Event: 0.107 Thread 0x000001a27fdea1a0 DEOPT PACKING pc=0x000001a20781cad6 sp=0x000000260e3fce40
Event: 0.107 Thread 0x000001a27fdea1a0 DEOPT UNPACKING pc=0x000001a20ec82b43 sp=0x000000260e3fc2c8 mode 0
Event: 0.107 Thread 0x000001a27fdea1a0 DEOPT PACKING pc=0x000001a20781cad6 sp=0x000000260e3f96a0
Event: 0.107 Thread 0x000001a27fdea1a0 DEOPT UNPACKING pc=0x000001a20ec82b43 sp=0x000000260e3f8b28 mode 0
Event: 0.114 Thread 0x000001a27fdea1a0 DEOPT PACKING pc=0x000001a207857e65 sp=0x000000260e3fd2e0
Event: 0.114 Thread 0x000001a27fdea1a0 DEOPT UNPACKING pc=0x000001a20ec82b43 sp=0x000000260e3fc730 mode 0
Event: 0.121 Thread 0x000001a27fdea1a0 Uncommon trap: trap_request=0xffffff6e fr.pc=0x000001a20f39fc44 relative=0x0000000000000144
Event: 0.121 Thread 0x000001a27fdea1a0 Uncommon trap: reason=loop_limit_check action=maybe_recompile pc=0x000001a20f39fc44 method=java.lang.StringLatin1.lastIndexOf([BII)I @ 19 c2
Event: 0.121 Thread 0x000001a27fdea1a0 DEOPT PACKING pc=0x000001a20f39fc44 sp=0x000000260e3fcb80
Event: 0.121 Thread 0x000001a27fdea1a0 DEOPT UNPACKING pc=0x000001a20ec823a3 sp=0x000000260e3fcb00 mode 2
Event: 0.121 Thread 0x000001a27fdea1a0 Uncommon trap: trap_request=0xffffff6e fr.pc=0x000001a20f3a7d7c relative=0x00000000000003dc
Event: 0.121 Thread 0x000001a27fdea1a0 Uncommon trap: reason=loop_limit_check action=maybe_recompile pc=0x000001a20f3a7d7c method=java.lang.StringLatin1.indexOf([BI[BII)I @ 37 c2
Event: 0.121 Thread 0x000001a27fdea1a0 DEOPT PACKING pc=0x000001a20f3a7d7c sp=0x000000260e3fcc40
Event: 0.121 Thread 0x000001a27fdea1a0 DEOPT UNPACKING pc=0x000001a20ec823a3 sp=0x000000260e3fcba0 mode 2
Event: 0.122 Thread 0x000001a27fdea1a0 Uncommon trap: trap_request=0xffffff45 fr.pc=0x000001a20f3a8508 relative=0x0000000000000268
Event: 0.122 Thread 0x000001a27fdea1a0 Uncommon trap: reason=unstable_if action=reinterpret pc=0x000001a20f3a8508 method=java.io.BufferedReader.read()I @ 19 c2
Event: 0.122 Thread 0x000001a27fdea1a0 DEOPT PACKING pc=0x000001a20f3a8508 sp=0x000000260e3fcc50
Event: 0.122 Thread 0x000001a27fdea1a0 DEOPT UNPACKING pc=0x000001a20ec823a3 sp=0x000000260e3fcb90 mode 2

Classes unloaded (0 events):
No events

Classes redefined (0 events):
No events

Internal exceptions (4 events):
Event: 0.089 Thread 0x000001a22dc82980 Exception <a 'java/lang/NoSuchMethodError'{0x0000000622e23b08}: 'java.lang.Object java.lang.invoke.DirectMethodHandle$Holder.invokeStaticInit(java.lang.Object)'> (0x0000000622e23b08) 
thrown [s\open\src\hotspot\share\interpreter\linkResolver.cpp, line 759]
Event: 0.091 Thread 0x000001a22dc82980 Exception <a 'java/lang/NoSuchMethodError'{0x0000000622e31830}: 'void java.lang.invoke.DirectMethodHandle$Holder.invokeStatic(java.lang.Object, java.lang.Object)'> (0x0000000622e31830) 
thrown [s\open\src\hotspot\share\interpreter\linkResolver.cpp, line 759]
Event: 0.121 Thread 0x000001a27fdea1a0 Exception <a 'java/lang/ClassNotFoundException'{0x0000000622844928}: javax/smartcardio/CardPermission> (0x0000000622844928) 
thrown [s\open\src\hotspot\share\classfile\systemDictionary.cpp, line 256]
Event: 0.122 Thread 0x000001a27fdea1a0 Exception <a 'java/io/FileNotFoundException'{0x0000000622853338}> (0x0000000622853338) 
thrown [s\open\src\hotspot\share\prims\jni.cpp, line 516]

VM Operations (6 events):
Event: 0.088 Executing VM operation: HandshakeAllThreads
Event: 0.088 Executing VM operation: HandshakeAllThreads done
Event: 0.103 Executing VM operation: HandshakeAllThreads
Event: 0.103 Executing VM operation: HandshakeAllThreads done
Event: 0.106 Executing VM operation: HandshakeAllThreads
Event: 0.106 Executing VM operation: HandshakeAllThreads done

Events (20 events):
Event: 0.123 loading class sun/security/provider/PolicyFile$SelfPermission
Event: 0.123 loading class sun/security/provider/PolicyFile$SelfPermission done
Event: 0.123 loading class java/net/SocketPermissionCollection
Event: 0.123 loading class java/net/SocketPermissionCollection done
Event: 0.123 loading class java/net/SocketPermissionCollection$1
Event: 0.123 loading class java/net/SocketPermissionCollection$1 done
Event: 0.123 loading class java/util/PropertyPermissionCollection
Event: 0.123 loading class java/util/PropertyPermissionCollection done
Event: 0.123 loading class java/util/PropertyPermissionCollection$1
Event: 0.123 loading class java/util/PropertyPermissionCollection$1 done
Event: 0.123 loading class java/io/FilePermissionCollection
Event: 0.123 loading class java/io/FilePermissionCollection done
Event: 0.123 loading class java/io/FilePermissionCollection$1
Event: 0.123 loading class java/io/FilePermissionCollection$1 done
Event: 0.123 loading class java/security/PermissionsEnumerator
Event: 0.123 loading class java/security/PermissionsEnumerator done
Event: 0.124 loading class java/security/AccessControlException
Event: 0.124 loading class java/security/AccessControlException done
Event: 0.126 loading class java/util/zip/ZipFile$ZipEntryIterator
Event: 0.126 loading class java/util/zip/ZipFile$ZipEntryIterator done


Dynamic libraries:
0x00007ff7a9e50000 - 0x00007ff7a9e60000 	C:\Program Files\Java\jdk-17.0.10\bin\java.exe
0x00007ffa88d90000 - 0x00007ffa88f88000 	C:\Windows\SYSTEM32\ntdll.dll
0x00007ffa45b50000 - 0x00007ffa45b69000 	C:\Program Files\AVG\Antivirus\aswhook.dll
0x00007ffa87610000 - 0x00007ffa876cd000 	C:\Windows\System32\KERNEL32.DLL
0x00007ffa86960000 - 0x00007ffa86c56000 	C:\Windows\System32\KERNELBASE.dll
0x00007ffa86650000 - 0x00007ffa86750000 	C:\Windows\System32\ucrtbase.dll
0x00007ffa6c390000 - 0x00007ffa6c3a9000 	C:\Program Files\Java\jdk-17.0.10\bin\jli.dll
0x00007ffa6c370000 - 0x00007ffa6c38b000 	C:\Program Files\Java\jdk-17.0.10\bin\VCRUNTIME140.dll
0x00007ffa88250000 - 0x00007ffa88300000 	C:\Windows\System32\ADVAPI32.dll
0x00007ffa87bd0000 - 0x00007ffa87c6e000 	C:\Windows\System32\msvcrt.dll
0x00007ffa87570000 - 0x00007ffa87610000 	C:\Windows\System32\sechost.dll
0x00007ffa87990000 - 0x00007ffa87ab5000 	C:\Windows\System32\RPCRT4.dll
0x00007ffa86d90000 - 0x00007ffa86db7000 	C:\Windows\System32\bcrypt.dll
0x00007ffa876d0000 - 0x00007ffa8786f000 	C:\Windows\System32\USER32.dll
0x00007ffa86750000 - 0x00007ffa86772000 	C:\Windows\System32\win32u.dll
0x00007ffa6c950000 - 0x00007ffa6cbea000 	C:\Windows\WinSxS\amd64_microsoft.windows.common-controls_6595b64144ccf1df_6.0.19041.3636_none_60b6a03d71f818d5\COMCTL32.dll
0x00007ffa88500000 - 0x00007ffa8852b000 	C:\Windows\System32\GDI32.dll
0x00007ffa867d0000 - 0x00007ffa868e7000 	C:\Windows\System32\gdi32full.dll
0x00007ffa86c60000 - 0x00007ffa86cfd000 	C:\Windows\System32\msvcp_win.dll
0x00007ffa80a10000 - 0x00007ffa80a1a000 	C:\Windows\SYSTEM32\VERSION.dll
0x00007ffa87530000 - 0x00007ffa87562000 	C:\Windows\System32\IMM32.DLL
0x00007ffa7d3c0000 - 0x00007ffa7d3cc000 	C:\Program Files\Java\jdk-17.0.10\bin\vcruntime140_1.dll
0x00007ffa675c0000 - 0x00007ffa6764e000 	C:\Program Files\Java\jdk-17.0.10\bin\msvcp140.dll
0x00007ff9b8150000 - 0x00007ff9b8d2f000 	C:\Program Files\Java\jdk-17.0.10\bin\server\jvm.dll
0x00007ffa88240000 - 0x00007ffa88248000 	C:\Windows\System32\PSAPI.DLL
0x00007ffa69d70000 - 0x00007ffa69d79000 	C:\Windows\SYSTEM32\WSOCK32.dll
0x00007ffa6fa80000 - 0x00007ffa6faa7000 	C:\Windows\SYSTEM32\WINMM.dll
0x00007ffa881d0000 - 0x00007ffa8823b000 	C:\Windows\System32\WS2_32.dll
0x00007ffa842d0000 - 0x00007ffa842e2000 	C:\Windows\SYSTEM32\kernel.appcore.dll
0x00007ffa7d3a0000 - 0x00007ffa7d3aa000 	C:\Program Files\Java\jdk-17.0.10\bin\jimage.dll
0x00007ffa7a2a0000 - 0x00007ffa7a484000 	C:\Windows\SYSTEM32\DBGHELP.DLL
0x00007ffa79a90000 - 0x00007ffa79ac4000 	C:\Windows\SYSTEM32\dbgcore.DLL
0x00007ffa86d00000 - 0x00007ffa86d82000 	C:\Windows\System32\bcryptPrimitives.dll
0x00007ffa6c260000 - 0x00007ffa6c26e000 	C:\Program Files\Java\jdk-17.0.10\bin\instrument.dll
0x00007ffa6c270000 - 0x00007ffa6c295000 	C:\Program Files\Java\jdk-17.0.10\bin\java.dll
0x00007ffa60760000 - 0x00007ffa60837000 	C:\Program Files\Java\jdk-17.0.10\bin\jsvml.dll
0x00007ffa86dc0000 - 0x00007ffa8752b000 	C:\Windows\System32\SHELL32.dll
0x00007ffa844d0000 - 0x00007ffa84c6e000 	C:\Windows\SYSTEM32\windows.storage.dll
0x00007ffa87c70000 - 0x00007ffa87fc3000 	C:\Windows\System32\combase.dll
0x00007ffa85d90000 - 0x00007ffa85dbe000 	C:\Windows\SYSTEM32\Wldp.dll
0x00007ffa88430000 - 0x00007ffa884fd000 	C:\Windows\System32\OLEAUT32.dll
0x00007ffa878d0000 - 0x00007ffa8797d000 	C:\Windows\System32\SHCORE.dll
0x00007ffa87870000 - 0x00007ffa878c5000 	C:\Windows\System32\shlwapi.dll
0x00007ffa86370000 - 0x00007ffa86393000 	C:\Windows\SYSTEM32\profapi.dll
0x00007ffa675a0000 - 0x00007ffa675b8000 	C:\Program Files\Java\jdk-17.0.10\bin\zip.dll
0x00007ffa6a020000 - 0x00007ffa6a039000 	C:\Program Files\Java\jdk-17.0.10\bin\net.dll
0x00007ffa7e510000 - 0x00007ffa7e61a000 	C:\Windows\SYSTEM32\WINHTTP.dll
0x00007ffa85b70000 - 0x00007ffa85bda000 	C:\Windows\system32\mswsock.dll
0x00007ffa6a000000 - 0x00007ffa6a016000 	C:\Program Files\Java\jdk-17.0.10\bin\nio.dll
0x00007ffa67550000 - 0x00007ffa6756a000 	C:\Program Files\JetBrains\IntelliJ IDEA Community Edition 2024.1\bin\breakgen64.dll

dbghelp: loaded successfully - version: 4.0.5 - missing functions: none
symbol engine: initialized successfully - sym options: 0x614 - pdb path: .;C:\Program Files\Java\jdk-17.0.10\bin;C:\Windows\SYSTEM32;C:\Program Files\AVG\Antivirus;C:\Windows\WinSxS\amd64_microsoft.windows.common-controls_6595b64144ccf1df_6.0.19041.3636_none_60b6a03d71f818d5;C:\Program Files\Java\jdk-17.0.10\bin\server;C:\Program Files\JetBrains\IntelliJ IDEA Community Edition 2024.1\bin

VM Arguments:
jvm_args: -javaagent:C:\Program Files\JetBrains\IntelliJ IDEA Community Edition 2024.1\lib\idea_rt.jar=50908:C:\Program Files\JetBrains\IntelliJ IDEA Community Edition 2024.1\bin -Dfile.encoding=UTF-8 
java_command: com.mscode.supremaciabr.SupremaciabrApplication
java_class_path (initial): X:\01_Programação\00_Projetos\08_SUPREMACIABR\supremaciabr-springboot\target\classes;C:\Users\Trabalho Toyota\.m2\repository\org\springframework\boot\spring-boot-starter-data-jpa\3.2.4\spring-boot-starter-data-jpa-3.2.4.jar;C:\Users\Trabalho Toyota\.m2\repository\org\springframework\boot\spring-boot-starter-aop\3.2.4\spring-boot-starter-aop-3.2.4.jar;C:\Users\Trabalho Toyota\.m2\repository\org\springframework\spring-aop\6.1.5\spring-aop-6.1.5.jar;C:\Users\Trabalho Toyota\.m2\repository\org\aspectj\aspectjweaver\1.9.21\aspectjweaver-1.9.21.jar;C:\Users\Trabalho Toyota\.m2\repository\org\springframework\boot\spring-boot-starter-jdbc\3.2.4\spring-boot-starter-jdbc-3.2.4.jar;C:\Users\Trabalho Toyota\.m2\repository\com\zaxxer\HikariCP\5.0.1\HikariCP-5.0.1.jar;C:\Users\Trabalho Toyota\.m2\repository\org\springframework\spring-jdbc\6.1.5\spring-jdbc-6.1.5.jar;C:\Users\Trabalho Toyota\.m2\repository\org\hibernate\orm\hibernate-core\6.4.4.Final\hibernate-core-6.4.4.Final.jar;C:\Users\Trabalho Toyota\.m2\repository\jakarta\persistence\jakarta.persistence-api\3.1.0\jakarta.persistence-api-3.1.0.jar;C:\Users\Trabalho Toyota\.m2\repository\jakarta\transaction\jakarta.transaction-api\2.0.1\jakarta.transaction-api-2.0.1.jar;C:\Users\Trabalho Toyota\.m2\repository\org\jboss\logging\jboss-logging\3.5.3.Final\jboss-logging-3.5.3.Final.jar;C:\Users\Trabalho Toyota\.m2\repository\org\hibernate\common\hibernate-commons-annotations\6.0.6.Final\hibernate-commons-annotations-6.0.6.Final.jar;C:\Users\Trabalho Toyota\.m2\repository\io\smallrye\jandex\3.1.2\jandex-3.1.2.jar;C:\Users\Trabalho Toyota\.m2\repository\com\fasterxml\classmate\1.6.0\classmate-1.6.0.jar;C:\Users\Trabalho Toyota\.m2\repository\net\bytebuddy\byte-buddy\1.14.12\byte-buddy-1.14.12.jar;C:\Users\Trabalho Toyota\.m2\repository\org\glassfish\jaxb\jaxb-runtime\4.0.5\jaxb-runtime-4.0.5.jar;C:\Users\Trabalho Toyota\.m2\repository\org\glassfish\jaxb\jaxb-core\4.0.5\jaxb-core-4.0.5.jar;C:\Users\Trabal
Launcher Type: SUN_STANDARD

[Global flags]
     intx CICompilerCount                          = 12                                        {product} {ergonomic}
     uint ConcGCThreads                            = 5                                         {product} {ergonomic}
     uint G1ConcRefinementThreads                  = 18                                        {product} {ergonomic}
   size_t G1HeapRegionSize                         = 4194304                                   {product} {ergonomic}
    uintx GCDrainStackTargetSize                   = 64                                        {product} {ergonomic}
   size_t InitialHeapSize                          = 536870912                                 {product} {ergonomic}
   size_t MarkStackSize                            = 4194304                                   {product} {ergonomic}
   size_t MaxHeapSize                              = 8531214336                                {product} {ergonomic}
   size_t MaxNewSize                               = 5117050880                                {product} {ergonomic}
   size_t MinHeapDeltaBytes                        = 4194304                                   {product} {ergonomic}
   size_t MinHeapSize                              = 8388608                                   {product} {ergonomic}
    uintx NonNMethodCodeHeapSize                   = 7602480                                {pd product} {ergonomic}
    uintx NonProfiledCodeHeapSize                  = 122027880                              {pd product} {ergonomic}
    uintx ProfiledCodeHeapSize                     = 122027880                              {pd product} {ergonomic}
    uintx ReservedCodeCacheSize                    = 251658240                              {pd product} {ergonomic}
     bool SegmentedCodeCache                       = true                                      {product} {ergonomic}
   size_t SoftMaxHeapSize                          = 8531214336                             {manageable} {ergonomic}
     bool UseCompressedClassPointers               = true                           {product lp64_product} {ergonomic}
     bool UseCompressedOops                        = true                           {product lp64_product} {ergonomic}
     bool UseG1GC                                  = true                                      {product} {ergonomic}
     bool UseLargePagesIndividualAllocation        = false                                  {pd product} {ergonomic}

Logging:
Log output configuration:
 #0: stdout all=warning uptime,level,tags
 #1: stderr all=off uptime,level,tags

Environment Variables:
JAVA_HOME=X:\01_Programação\02_Recursos\02_Jdks-versions\jdk-17.0.5
PATH=C:\Program Files (x86)\Common Files\Oracle\Java\javapath;C:\Program Files (x86)\VMware\VMware Player\bin\;C:\Windows\system32;C:\Windows;C:\Windows\System32\Wbem;C:\Windows\System32\WindowsPowerShell\v1.0\;C:\Windows\System32\OpenSSH\;C:\Program Files\NVIDIA Corporation\NVIDIA NvDLISR;C:\Program Files (x86)\NVIDIA Corporation\PhysX\Common;C:\Program Files\nodejs\;C:\Program Files\Git\cmd;C:\Maven\apache-maven-3.8.6\bin;C:\Program Files\PuTTY\;C:\Windows\System32\Wbem;C:\oraclexe\app\oracle\product\11.2.0\server\bin;X:\01_Programação\02_Recursos\02_Jdks-versions\jdk-17.0.5\bin;C:\Program Files\dotnet\;C:\Users\Trabalho Toyota\AppData\Local\Microsoft\WindowsApps;
USERNAME=Programação
OS=Windows_NT
PROCESSOR_IDENTIFIER=Intel64 Family 6 Model 151 Stepping 2, GenuineIntel



---------------  S Y S T E M  ---------------

OS:
 Windows 10 , 64 bit Build 19041 (10.0.19041.3636)
OS uptime: 0 days 6:57 hours
Hyper-V role detected

CPU: total 24 (initial active 24) (12 cores per cpu, 2 threads per core) family 6 model 151 stepping 2 microcode 0x26, cx8, cmov, fxsr, ht, mmx, 3dnowpref, sse, sse2, sse3, ssse3, sse4.1, sse4.2, popcnt, lzcnt, tsc, tscinvbit, avx, avx2, aes, erms, clmul, bmi1, bmi2, adx, sha, fma, vzeroupper, clflush, clflushopt, clwb, hv

Memory: 4k page, system-wide physical 32535M (7306M free)
TotalPageFile size 32735M (AvailPageFile size 4M)
current process WorkingSet (physical memory assigned to process): 57M, peak: 57M
current process commit charge ("private bytes"): 642M, peak: 642M

vm_info: Java HotSpot(TM) 64-Bit Server VM (17.0.10+11-LTS-240) for windows-amd64 JRE (17.0.10+11-LTS-240), built on Dec 19 2023 21:47:25 by "mach5one" with MS VC++ 17.1 (VS2022)

END.
