#
# There is insufficient memory for the Java Runtime Environment to continue.
# Native memory allocation (mmap) failed to map 536870912 bytes for G1 virtual space
# Possible reasons:
#   The system is out of physical RAM or swap space
#   The process is running with CompressedOops enabled, and the Java Heap may be blocking the growth of the native heap
# Possible solutions:
#   Reduce memory load on the system
#   Increase physical memory or swap space
#   Check if swap backing store is full
#   Decrease Java heap size (-Xmx/-Xms)
#   Decrease number of Java threads
#   Decrease Java thread stack sizes (-Xss)
#   Set larger code cache with -XX:ReservedCodeCacheSize=
#   JVM is running with Zero Based Compressed Oops mode in which the Java heap is
#     placed in the first 32GB address space. The Java Heap base address is the
#     maximum limit for the native heap growth. Please use -XX:HeapBaseMinAddress
#     to set the Java Heap base and to place the Java Heap above 32GB virtual address.
# This output file may be truncated or incomplete.
#
#  Out of Memory Error (os_windows.cpp:3548), pid=34648, tid=19292
#
# JRE version:  (17.0.10+11) (build )
# Java VM: Java HotSpot(TM) 64-Bit Server VM (17.0.10+11-LTS-240, mixed mode, sharing, tiered, compressed oops, compressed class ptrs, g1 gc, windows-amd64)
# No core dump will be written. Minidumps are not enabled by default on client versions of Windows
#

---------------  S U M M A R Y ------------

Command Line: -javaagent:C:\Program Files\JetBrains\IntelliJ IDEA Community Edition 2024.1\lib\idea_rt.jar=51838:C:\Program Files\JetBrains\IntelliJ IDEA Community Edition 2024.1\bin -Dfile.encoding=UTF-8 com.mscode.supremaciabr.SupremaciabrApplication

Host: 12th Gen Intel(R) Core(TM) i9-12900K, 24 cores, 31G,  Windows 10 , 64 bit Build 19041 (10.0.19041.3636)
Time: Wed Apr 10 15:38:51 2024 Hora oficial do Brasil elapsed time: 0.015664 seconds (0d 0h 0m 0s)

---------------  T H R E A D  ---------------

Current thread (0x000001b315a997d0):  JavaThread "Unknown thread" [_thread_in_vm, id=19292, stack(0x0000002eaac00000,0x0000002eaad00000)]

Stack: [0x0000002eaac00000,0x0000002eaad00000]
Native frames: (J=compiled Java code, j=interpreted, Vv=VM code, C=native code)
V  [jvm.dll+0x677a5a]
V  [jvm.dll+0x7d8b2d]
V  [jvm.dll+0x7da48e]
V  [jvm.dll+0x7daaf3]
V  [jvm.dll+0x2455ff]
V  [jvm.dll+0x6749b9]
V  [jvm.dll+0x669382]
V  [jvm.dll+0x302e96]
V  [jvm.dll+0x30a416]
V  [jvm.dll+0x359cbe]
V  [jvm.dll+0x359eef]
V  [jvm.dll+0x2d9e88]
V  [jvm.dll+0x2dadf4]
V  [jvm.dll+0x7aa551]
V  [jvm.dll+0x367911]
V  [jvm.dll+0x789639]
V  [jvm.dll+0x3eb30f]
V  [jvm.dll+0x3ecd91]
C  [jli.dll+0x5297]
C  [ucrtbase.dll+0x21bb2]
C  [KERNEL32.DLL+0x17344]
C  [ntdll.dll+0x526b1]


---------------  P R O C E S S  ---------------

Threads class SMR info:
_java_thread_list=0x00007ff9bd296a18, length=0, elements={
}

Java Threads: ( => current thread )

Other Threads:
  0x000001b315b49850 GCTaskThread "GC Thread#0" [stack: 0x0000002eaad00000,0x0000002eaae00000] [id=29288]
  0x000001b315ab8670 ConcurrentGCThread "G1 Main Marker" [stack: 0x0000002eaae00000,0x0000002eaaf00000] [id=34476]
  0x000001b340083020 ConcurrentGCThread "G1 Conc#0" [stack: 0x0000002eaaf00000,0x0000002eab000000] [id=5012]

[error occurred during error reporting (printing all threads), id 0xc0000005, EXCEPTION_ACCESS_VIOLATION (0xc0000005) at pc=0x00007ff9bcacaae7]

VM state: not at safepoint (not fully initialized)

VM Mutex/Monitor currently owned by a thread:  ([mutex/lock_event])
[0x000001b315a95950] Heap_lock - owner thread: 0x000001b315a997d0

Heap address: 0x0000000603800000, size: 8136 MB, Compressed Oops mode: Zero based, Oop shift amount: 3

CDS archive(s) mapped at: [0x0000000000000000-0x0000000000000000-0x0000000000000000), size 0, SharedBaseAddress: 0x0000000800000000, ArchiveRelocationMode: 1.
Narrow klass base: 0x0000000000000000, Narrow klass shift: 0, Narrow klass range: 0x0

GC Precious Log:
<Empty>

Heap:
 garbage-first heap   total 0K, used 0K [0x0000000603800000, 0x0000000800000000)
  region size 4096K, 0 young (0K), 0 survivors (0K)

[error occurred during error reporting (printing heap information), id 0xc0000005, EXCEPTION_ACCESS_VIOLATION (0xc0000005) at pc=0x00007ff9bceb1249]

GC Heap History (0 events):
No events

Deoptimization events (0 events):
No events

Classes unloaded (0 events):
No events

Classes redefined (0 events):
No events

Internal exceptions (0 events):
No events

VM Operations (0 events):
No events

Events (1 events):
Event: 0.003 Loaded shared library C:\Program Files\Java\jdk-17.0.10\bin\java.dll


Dynamic libraries:
0x00007ff7a9e50000 - 0x00007ff7a9e60000 	C:\Program Files\Java\jdk-17.0.10\bin\java.exe
0x00007ffa88d90000 - 0x00007ffa88f88000 	C:\Windows\SYSTEM32\ntdll.dll
0x00007ffa45b50000 - 0x00007ffa45b69000 	C:\Program Files\AVG\Antivirus\aswhook.dll
0x00007ffa87610000 - 0x00007ffa876cd000 	C:\Windows\System32\KERNEL32.DLL
0x00007ffa86960000 - 0x00007ffa86c56000 	C:\Windows\System32\KERNELBASE.dll
0x00007ffa86650000 - 0x00007ffa86750000 	C:\Windows\System32\ucrtbase.dll
0x00007ffa6c370000 - 0x00007ffa6c38b000 	C:\Program Files\Java\jdk-17.0.10\bin\VCRUNTIME140.dll
0x00007ffa6c390000 - 0x00007ffa6c3a9000 	C:\Program Files\Java\jdk-17.0.10\bin\jli.dll
0x00007ffa88250000 - 0x00007ffa88300000 	C:\Windows\System32\ADVAPI32.dll
0x00007ffa87bd0000 - 0x00007ffa87c6e000 	C:\Windows\System32\msvcrt.dll
0x00007ffa87570000 - 0x00007ffa87610000 	C:\Windows\System32\sechost.dll
0x00007ffa87990000 - 0x00007ffa87ab5000 	C:\Windows\System32\RPCRT4.dll
0x00007ffa86d90000 - 0x00007ffa86db7000 	C:\Windows\System32\bcrypt.dll
0x00007ffa876d0000 - 0x00007ffa8786f000 	C:\Windows\System32\USER32.dll
0x00007ffa86750000 - 0x00007ffa86772000 	C:\Windows\System32\win32u.dll
0x00007ffa88500000 - 0x00007ffa8852b000 	C:\Windows\System32\GDI32.dll
0x00007ffa6c950000 - 0x00007ffa6cbea000 	C:\Windows\WinSxS\amd64_microsoft.windows.common-controls_6595b64144ccf1df_6.0.19041.3636_none_60b6a03d71f818d5\COMCTL32.dll
0x00007ffa867d0000 - 0x00007ffa868e7000 	C:\Windows\System32\gdi32full.dll
0x00007ffa86c60000 - 0x00007ffa86cfd000 	C:\Windows\System32\msvcp_win.dll
0x00007ffa80a10000 - 0x00007ffa80a1a000 	C:\Windows\SYSTEM32\VERSION.dll
0x00007ffa87530000 - 0x00007ffa87562000 	C:\Windows\System32\IMM32.DLL
0x00007ffa675b0000 - 0x00007ffa675bc000 	C:\Program Files\Java\jdk-17.0.10\bin\vcruntime140_1.dll
0x00007ffa67450000 - 0x00007ffa674de000 	C:\Program Files\Java\jdk-17.0.10\bin\msvcp140.dll
0x00007ff9bc7e0000 - 0x00007ff9bd3bf000 	C:\Program Files\Java\jdk-17.0.10\bin\server\jvm.dll
0x00007ffa88240000 - 0x00007ffa88248000 	C:\Windows\System32\PSAPI.DLL
0x00007ffa69d70000 - 0x00007ffa69d79000 	C:\Windows\SYSTEM32\WSOCK32.dll
0x00007ffa881d0000 - 0x00007ffa8823b000 	C:\Windows\System32\WS2_32.dll
0x00007ffa6fa80000 - 0x00007ffa6faa7000 	C:\Windows\SYSTEM32\WINMM.dll
0x00007ffa842d0000 - 0x00007ffa842e2000 	C:\Windows\SYSTEM32\kernel.appcore.dll
0x00007ffa675a0000 - 0x00007ffa675aa000 	C:\Program Files\Java\jdk-17.0.10\bin\jimage.dll
0x00007ffa7a2a0000 - 0x00007ffa7a484000 	C:\Windows\SYSTEM32\DBGHELP.DLL
0x00007ffa79a90000 - 0x00007ffa79ac4000 	C:\Windows\SYSTEM32\dbgcore.DLL
0x00007ffa86d00000 - 0x00007ffa86d82000 	C:\Windows\System32\bcryptPrimitives.dll
0x00007ffa67530000 - 0x00007ffa6753e000 	C:\Program Files\Java\jdk-17.0.10\bin\instrument.dll
0x00007ffa67420000 - 0x00007ffa67445000 	C:\Program Files\Java\jdk-17.0.10\bin\java.dll

dbghelp: loaded successfully - version: 4.0.5 - missing functions: none
symbol engine: initialized successfully - sym options: 0x614 - pdb path: .;C:\Program Files\Java\jdk-17.0.10\bin;C:\Windows\SYSTEM32;C:\Program Files\AVG\Antivirus;C:\Windows\WinSxS\amd64_microsoft.windows.common-controls_6595b64144ccf1df_6.0.19041.3636_none_60b6a03d71f818d5;C:\Program Files\Java\jdk-17.0.10\bin\server

VM Arguments:
jvm_args: -javaagent:C:\Program Files\JetBrains\IntelliJ IDEA Community Edition 2024.1\lib\idea_rt.jar=51838:C:\Program Files\JetBrains\IntelliJ IDEA Community Edition 2024.1\bin -Dfile.encoding=UTF-8 
java_command: com.mscode.supremaciabr.SupremaciabrApplication
java_class_path (initial): X:\01_Programação\00_Projetos\08_SUPREMACIABR\supremaciabr-springboot\target\classes;C:\Users\Trabalho Toyota\.m2\repository\org\springframework\boot\spring-boot-starter-data-jpa\3.2.4\spring-boot-starter-data-jpa-3.2.4.jar;C:\Users\Trabalho Toyota\.m2\repository\org\springframework\boot\spring-boot-starter-aop\3.2.4\spring-boot-starter-aop-3.2.4.jar;C:\Users\Trabalho Toyota\.m2\repository\org\springframework\spring-aop\6.1.5\spring-aop-6.1.5.jar;C:\Users\Trabalho Toyota\.m2\repository\org\aspectj\aspectjweaver\1.9.21\aspectjweaver-1.9.21.jar;C:\Users\Trabalho Toyota\.m2\repository\org\springframework\boot\spring-boot-starter-jdbc\3.2.4\spring-boot-starter-jdbc-3.2.4.jar;C:\Users\Trabalho Toyota\.m2\repository\com\zaxxer\HikariCP\5.0.1\HikariCP-5.0.1.jar;C:\Users\Trabalho Toyota\.m2\repository\org\springframework\spring-jdbc\6.1.5\spring-jdbc-6.1.5.jar;C:\Users\Trabalho Toyota\.m2\repository\org\hibernate\orm\hibernate-core\6.4.4.Final\hibernate-core-6.4.4.Final.jar;C:\Users\Trabalho Toyota\.m2\repository\jakarta\persistence\jakarta.persistence-api\3.1.0\jakarta.persistence-api-3.1.0.jar;C:\Users\Trabalho Toyota\.m2\repository\jakarta\transaction\jakarta.transaction-api\2.0.1\jakarta.transaction-api-2.0.1.jar;C:\Users\Trabalho Toyota\.m2\repository\org\jboss\logging\jboss-logging\3.5.3.Final\jboss-logging-3.5.3.Final.jar;C:\Users\Trabalho Toyota\.m2\repository\org\hibernate\common\hibernate-commons-annotations\6.0.6.Final\hibernate-commons-annotations-6.0.6.Final.jar;C:\Users\Trabalho Toyota\.m2\repository\io\smallrye\jandex\3.1.2\jandex-3.1.2.jar;C:\Users\Trabalho Toyota\.m2\repository\com\fasterxml\classmate\1.6.0\classmate-1.6.0.jar;C:\Users\Trabalho Toyota\.m2\repository\net\bytebuddy\byte-buddy\1.14.12\byte-buddy-1.14.12.jar;C:\Users\Trabalho Toyota\.m2\repository\org\glassfish\jaxb\jaxb-runtime\4.0.5\jaxb-runtime-4.0.5.jar;C:\Users\Trabalho Toyota\.m2\repository\org\glassfish\jaxb\jaxb-core\4.0.5\jaxb-core-4.0.5.jar;C:\Users\Trabal
Launcher Type: SUN_STANDARD

[Global flags]
     intx CICompilerCount                          = 12                                        {product} {ergonomic}
     uint ConcGCThreads                            = 5                                         {product} {ergonomic}
     uint G1ConcRefinementThreads                  = 18                                        {product} {ergonomic}
   size_t G1HeapRegionSize                         = 4194304                                   {product} {ergonomic}
    uintx GCDrainStackTargetSize                   = 64                                        {product} {ergonomic}
   size_t InitialHeapSize                          = 536870912                                 {product} {ergonomic}
   size_t MarkStackSize                            = 4194304                                   {product} {ergonomic}
   size_t MaxHeapSize                              = 8531214336                                {product} {ergonomic}
   size_t MinHeapDeltaBytes                        = 4194304                                   {product} {ergonomic}
   size_t MinHeapSize                              = 8388608                                   {product} {ergonomic}
    uintx NonNMethodCodeHeapSize                   = 7602480                                {pd product} {ergonomic}
    uintx NonProfiledCodeHeapSize                  = 122027880                              {pd product} {ergonomic}
    uintx ProfiledCodeHeapSize                     = 122027880                              {pd product} {ergonomic}
    uintx ReservedCodeCacheSize                    = 251658240                              {pd product} {ergonomic}
     bool SegmentedCodeCache                       = true                                      {product} {ergonomic}
   size_t SoftMaxHeapSize                          = 8531214336                             {manageable} {ergonomic}
     bool UseCompressedClassPointers               = true                           {product lp64_product} {ergonomic}
     bool UseCompressedOops                        = true                           {product lp64_product} {ergonomic}
     bool UseG1GC                                  = true                                      {product} {ergonomic}
     bool UseLargePagesIndividualAllocation        = false                                  {pd product} {ergonomic}

Logging:
Log output configuration:
 #0: stdout all=warning uptime,level,tags
 #1: stderr all=off uptime,level,tags

Environment Variables:
JAVA_HOME=X:\01_Programação\02_Recursos\02_Jdks-versions\jdk-17.0.5
PATH=C:\Program Files (x86)\Common Files\Oracle\Java\javapath;C:\Program Files (x86)\VMware\VMware Player\bin\;C:\Windows\system32;C:\Windows;C:\Windows\System32\Wbem;C:\Windows\System32\WindowsPowerShell\v1.0\;C:\Windows\System32\OpenSSH\;C:\Program Files\NVIDIA Corporation\NVIDIA NvDLISR;C:\Program Files (x86)\NVIDIA Corporation\PhysX\Common;C:\Program Files\nodejs\;C:\Program Files\Git\cmd;C:\Maven\apache-maven-3.8.6\bin;C:\Program Files\PuTTY\;C:\Windows\System32\Wbem;C:\oraclexe\app\oracle\product\11.2.0\server\bin;X:\01_Programação\02_Recursos\02_Jdks-versions\jdk-17.0.5\bin;C:\Program Files\dotnet\;C:\Users\Trabalho Toyota\AppData\Local\Microsoft\WindowsApps;
USERNAME=Programação
OS=Windows_NT
PROCESSOR_IDENTIFIER=Intel64 Family 6 Model 151 Stepping 2, GenuineIntel



---------------  S Y S T E M  ---------------

OS:
 Windows 10 , 64 bit Build 19041 (10.0.19041.3636)
OS uptime: 0 days 7:11 hours
Hyper-V role detected

CPU: total 24 (initial active 24) (12 cores per cpu, 2 threads per core) family 6 model 151 stepping 2 microcode 0x26, cx8, cmov, fxsr, ht, mmx, 3dnowpref, sse, sse2, sse3, ssse3, sse4.1, sse4.2, popcnt, lzcnt, tsc, tscinvbit, avx, avx2, aes, erms, clmul, bmi1, bmi2, adx, sha, fma, vzeroupper, clflush, clflushopt, clwb, hv

Memory: 4k page, system-wide physical 32535M (7385M free)
TotalPageFile size 32735M (AvailPageFile size 426M)
current process WorkingSet (physical memory assigned to process): 11M, peak: 11M
current process commit charge ("private bytes"): 81M, peak: 593M

vm_info: Java HotSpot(TM) 64-Bit Server VM (17.0.10+11-LTS-240) for windows-amd64 JRE (17.0.10+11-LTS-240), built on Dec 19 2023 21:47:25 by "mach5one" with MS VC++ 17.1 (VS2022)

END.
